  Project.c
C:\Users\Ssimo\source\repos\Milestone Project\Milestone Project\Project.c(35,24): warning C4090: 'function': different 'const' qualifiers
C:\Users\Ssimo\source\repos\Milestone Project\Milestone Project\Project.c(35,55): warning C4047: '=': 'FILE *' differs in levels of indirection from 'errno_t'
C:\Users\Ssimo\source\repos\Milestone Project\Milestone Project\Project.c(41,14): warning C4090: 'function': different 'const' qualifiers
C:\Users\Ssimo\source\repos\Milestone Project\Milestone Project\Project.c(42,15): warning C4477: 'fscanf_s' : format string '%s' requires an argument of type 'char *', but variadic argument 1 has type 'const char *'
C:\Users\Ssimo\source\repos\Milestone Project\Milestone Project\Project.c(42,15): message : this argument is used by a conversion specifier
C:\Users\Ssimo\source\repos\Milestone Project\Milestone Project\Project.c(42,15): warning C4473: 'fscanf_s' : not enough arguments passed for format string
C:\Users\Ssimo\source\repos\Milestone Project\Milestone Project\Project.c(42,15): message : placeholders and their parameters expect 2 variadic arguments, but 1 were provided
C:\Users\Ssimo\source\repos\Milestone Project\Milestone Project\Project.c(42,15): message : the missing variadic argument 2 is required by format string '%s'
C:\Users\Ssimo\source\repos\Milestone Project\Milestone Project\Project.c(42,15): message : this argument is used as a buffer size
C:\Users\Ssimo\source\repos\Milestone Project\Milestone Project\Project.c(74,46): warning C4474: 'printf' : too many arguments passed for format string
C:\Users\Ssimo\source\repos\Milestone Project\Milestone Project\Project.c(74,46): message : placeholders and their parameters expect 0 variadic arguments, but 1 were provided
C:\Users\Ssimo\source\repos\Milestone Project\Milestone Project\Project.c(75,46): warning C4474: 'printf' : too many arguments passed for format string
C:\Users\Ssimo\source\repos\Milestone Project\Milestone Project\Project.c(75,46): message : placeholders and their parameters expect 0 variadic arguments, but 1 were provided
C:\Users\Ssimo\source\repos\Milestone Project\Milestone Project\Project.c(76,43): warning C4474: 'printf' : too many arguments passed for format string
C:\Users\Ssimo\source\repos\Milestone Project\Milestone Project\Project.c(76,43): message : placeholders and their parameters expect 0 variadic arguments, but 1 were provided
C:\Users\Ssimo\source\repos\Milestone Project\Milestone Project\Project.c(77,43): warning C4474: 'printf' : too many arguments passed for format string
C:\Users\Ssimo\source\repos\Milestone Project\Milestone Project\Project.c(77,43): message : placeholders and their parameters expect 0 variadic arguments, but 1 were provided
C:\Users\Ssimo\source\repos\Milestone Project\Milestone Project\Project.c(107,156): warning C4474: 'printf' : too many arguments passed for format string
C:\Users\Ssimo\source\repos\Milestone Project\Milestone Project\Project.c(107,156): message : placeholders and their parameters expect 0 variadic arguments, but 1 were provided
C:\Users\Ssimo\source\repos\Milestone Project\Milestone Project\Project.c(108,131): warning C4474: 'printf' : too many arguments passed for format string
C:\Users\Ssimo\source\repos\Milestone Project\Milestone Project\Project.c(108,131): message : placeholders and their parameters expect 0 variadic arguments, but 1 were provided
C:\Users\Ssimo\source\repos\Milestone Project\Milestone Project\Project.c(109,124): warning C4474: 'printf' : too many arguments passed for format string
C:\Users\Ssimo\source\repos\Milestone Project\Milestone Project\Project.c(109,124): message : placeholders and their parameters expect 0 variadic arguments, but 1 were provided
C:\Users\Ssimo\source\repos\Milestone Project\Milestone Project\Project.c(110,104): warning C4474: 'printf' : too many arguments passed for format string
C:\Users\Ssimo\source\repos\Milestone Project\Milestone Project\Project.c(110,104): message : placeholders and their parameters expect 0 variadic arguments, but 1 were provided
C:\Users\Ssimo\source\repos\Milestone Project\Milestone Project\Project.c(139,37): warning C4474: 'printf' : too many arguments passed for format string
C:\Users\Ssimo\source\repos\Milestone Project\Milestone Project\Project.c(139,37): message : placeholders and their parameters expect 0 variadic arguments, but 1 were provided
C:\Users\Ssimo\source\repos\Milestone Project\Milestone Project\Project.c(140,42): warning C4474: 'printf' : too many arguments passed for format string
C:\Users\Ssimo\source\repos\Milestone Project\Milestone Project\Project.c(140,42): message : placeholders and their parameters expect 0 variadic arguments, but 1 were provided
C:\Users\Ssimo\source\repos\Milestone Project\Milestone Project\Project.c(141,40): warning C4474: 'printf' : too many arguments passed for format string
C:\Users\Ssimo\source\repos\Milestone Project\Milestone Project\Project.c(141,40): message : placeholders and their parameters expect 0 variadic arguments, but 1 were provided
C:\Users\Ssimo\source\repos\Milestone Project\Milestone Project\Project.c(142,39): warning C4474: 'printf' : too many arguments passed for format string
C:\Users\Ssimo\source\repos\Milestone Project\Milestone Project\Project.c(142,39): message : placeholders and their parameters expect 0 variadic arguments, but 1 were provided
C:\Users\Ssimo\source\repos\Milestone Project\Milestone Project\Project.c(171,28): warning C4474: 'printf' : too many arguments passed for format string
C:\Users\Ssimo\source\repos\Milestone Project\Milestone Project\Project.c(171,28): message : placeholders and their parameters expect 0 variadic arguments, but 1 were provided
C:\Users\Ssimo\source\repos\Milestone Project\Milestone Project\Project.c(172,28): warning C4474: 'printf' : too many arguments passed for format string
C:\Users\Ssimo\source\repos\Milestone Project\Milestone Project\Project.c(172,28): message : placeholders and their parameters expect 0 variadic arguments, but 1 were provided
C:\Users\Ssimo\source\repos\Milestone Project\Milestone Project\Project.c(173,29): warning C4474: 'printf' : too many arguments passed for format string
C:\Users\Ssimo\source\repos\Milestone Project\Milestone Project\Project.c(173,29): message : placeholders and their parameters expect 0 variadic arguments, but 1 were provided
C:\Users\Ssimo\source\repos\Milestone Project\Milestone Project\Project.c(174,28): warning C4474: 'printf' : too many arguments passed for format string
C:\Users\Ssimo\source\repos\Milestone Project\Milestone Project\Project.c(174,28): message : placeholders and their parameters expect 0 variadic arguments, but 1 were provided
  Milestone Project.vcxproj -> C:\Users\Ssimo\source\repos\Milestone Project\Debug\Milestone Project.exe
